<?xml version="1.0" encoding="UTF-8"?>
<testng-results ignored="0" total="64" passed="64" failed="0" skipped="0">
  <reporter-output>
  </reporter-output>
  <suite started-at="2024-03-13T20:03:08 EDT" name="Default suite" finished-at="2024-03-13T20:05:16 EDT" duration-ms="128837">
    <groups>
      <group name="cucumber">
        <method signature="AbstractTestNGCucumberTests.runScenario(io.cucumber.testng.PickleWrapper,io.cucumber.testng.FeatureWrapper)[pri:0, instance:runner.TestNGRunner@585811a4]" name="runScenario" class="io.cucumber.testng.AbstractTestNGCucumberTests"/>
      </group> <!-- cucumber -->
    </groups>
    <test started-at="2024-03-13T20:03:08 EDT" name="Default test" finished-at="2024-03-13T20:05:16 EDT" duration-ms="128837">
      <class name="runner.TestNGRunner">
        <test-method is-config="true" signature="setUpClass(org.testng.ITestContext)[pri:0, instance:runner.TestNGRunner@585811a4]" started-at="2024-03-13T20:03:08 EDT" name="setUpClass" finished-at="2024-03-13T20:03:08 EDT" duration-ms="603" status="PASS">
          <params>
            <param index="0">
              <value>
                <![CDATA[org.testng.TestRunner@4dde8976]]>
              </value>
            </param>
          </params>
          <reporter-output>
          </reporter-output>
        </test-method> <!-- setUpClass -->
        <test-method signature="runScenario(io.cucumber.testng.PickleWrapper,io.cucumber.testng.FeatureWrapper)[pri:0, instance:runner.TestNGRunner@585811a4]" started-at="2024-03-13T20:03:08 EDT" name="runScenario" description="Runs Cucumber Scenarios" data-provider="scenarios" finished-at="2024-03-13T20:03:23 EDT" duration-ms="14549" status="PASS">
          <params>
            <param index="0">
              <value>
                <![CDATA["The user tries to Register"]]>
              </value>
            </param>
            <param index="1">
              <value>
                <![CDATA["Registration process of the user"]]>
              </value>
            </param>
          </params>
          <reporter-output>
          </reporter-output>
        </test-method> <!-- runScenario -->
        <test-method signature="runScenario(io.cucumber.testng.PickleWrapper,io.cucumber.testng.FeatureWrapper)[pri:0, instance:runner.TestNGRunner@585811a4]" started-at="2024-03-13T20:03:08 EDT" name="runScenario" description="Runs Cucumber Scenarios" data-provider="scenarios" finished-at="2024-03-13T20:03:30 EDT" duration-ms="21742" status="PASS">
          <params>
            <param index="0">
              <value>
                <![CDATA["The user tries to Register"]]>
              </value>
            </param>
            <param index="1">
              <value>
                <![CDATA["Registration process of the user"]]>
              </value>
            </param>
          </params>
          <reporter-output>
          </reporter-output>
        </test-method> <!-- runScenario -->
        <test-method signature="runScenario(io.cucumber.testng.PickleWrapper,io.cucumber.testng.FeatureWrapper)[pri:0, instance:runner.TestNGRunner@585811a4]" started-at="2024-03-13T20:03:08 EDT" name="runScenario" description="Runs Cucumber Scenarios" data-provider="scenarios" finished-at="2024-03-13T20:03:23 EDT" duration-ms="14959" status="PASS">
          <params>
            <param index="0">
              <value>
                <![CDATA["The user tries to Register without username and password"]]>
              </value>
            </param>
            <param index="1">
              <value>
                <![CDATA["Registration process of the user"]]>
              </value>
            </param>
          </params>
          <reporter-output>
          </reporter-output>
        </test-method> <!-- runScenario -->
        <test-method signature="runScenario(io.cucumber.testng.PickleWrapper,io.cucumber.testng.FeatureWrapper)[pri:0, instance:runner.TestNGRunner@585811a4]" started-at="2024-03-13T20:03:08 EDT" name="runScenario" description="Runs Cucumber Scenarios" data-provider="scenarios" finished-at="2024-03-13T20:03:24 EDT" duration-ms="15965" status="PASS">
          <params>
            <param index="0">
              <value>
                <![CDATA["The user tries to Register"]]>
              </value>
            </param>
            <param index="1">
              <value>
                <![CDATA["Registration process of the user"]]>
              </value>
            </param>
          </params>
          <reporter-output>
          </reporter-output>
        </test-method> <!-- runScenario -->
        <test-method signature="runScenario(io.cucumber.testng.PickleWrapper,io.cucumber.testng.FeatureWrapper)[pri:0, instance:runner.TestNGRunner@585811a4]" started-at="2024-03-13T20:03:08 EDT" name="runScenario" description="Runs Cucumber Scenarios" data-provider="scenarios" finished-at="2024-03-13T20:03:23 EDT" duration-ms="14537" status="PASS">
          <params>
            <param index="0">
              <value>
                <![CDATA["This test is to verify the Registration page"]]>
              </value>
            </param>
            <param index="1">
              <value>
                <![CDATA["Registration process of the user"]]>
              </value>
            </param>
          </params>
          <reporter-output>
          </reporter-output>
        </test-method> <!-- runScenario -->
        <test-method signature="runScenario(io.cucumber.testng.PickleWrapper,io.cucumber.testng.FeatureWrapper)[pri:0, instance:runner.TestNGRunner@585811a4]" started-at="2024-03-13T20:03:08 EDT" name="runScenario" description="Runs Cucumber Scenarios" data-provider="scenarios" finished-at="2024-03-13T20:03:23 EDT" duration-ms="14706" status="PASS">
          <params>
            <param index="0">
              <value>
                <![CDATA["Verify Arrays in Python link redirects to Arrays in Python page."]]>
              </value>
            </param>
            <param index="1">
              <value>
                <![CDATA["Testing the Array Page"]]>
              </value>
            </param>
          </params>
          <reporter-output>
          </reporter-output>
        </test-method> <!-- runScenario -->
        <test-method signature="runScenario(io.cucumber.testng.PickleWrapper,io.cucumber.testng.FeatureWrapper)[pri:0, instance:runner.TestNGRunner@585811a4]" started-at="2024-03-13T20:03:08 EDT" name="runScenario" description="Runs Cucumber Scenarios" data-provider="scenarios" finished-at="2024-03-13T20:03:23 EDT" duration-ms="14685" status="PASS">
          <params>
            <param index="0">
              <value>
                <![CDATA["The user tries to Register"]]>
              </value>
            </param>
            <param index="1">
              <value>
                <![CDATA["Registration process of the user"]]>
              </value>
            </param>
          </params>
          <reporter-output>
          </reporter-output>
        </test-method> <!-- runScenario -->
        <test-method signature="runScenario(io.cucumber.testng.PickleWrapper,io.cucumber.testng.FeatureWrapper)[pri:0, instance:runner.TestNGRunner@585811a4]" started-at="2024-03-13T20:03:08 EDT" name="runScenario" description="Runs Cucumber Scenarios" data-provider="scenarios" finished-at="2024-03-13T20:03:23 EDT" duration-ms="15118" status="PASS">
          <params>
            <param index="0">
              <value>
                <![CDATA["The user tries to Register"]]>
              </value>
            </param>
            <param index="1">
              <value>
                <![CDATA["Registration process of the user"]]>
              </value>
            </param>
          </params>
          <reporter-output>
          </reporter-output>
        </test-method> <!-- runScenario -->
        <test-method signature="runScenario(io.cucumber.testng.PickleWrapper,io.cucumber.testng.FeatureWrapper)[pri:0, instance:runner.TestNGRunner@585811a4]" started-at="2024-03-13T20:03:08 EDT" name="runScenario" description="Runs Cucumber Scenarios" data-provider="scenarios" finished-at="2024-03-13T20:03:38 EDT" duration-ms="30216" status="PASS">
          <params>
            <param index="0">
              <value>
                <![CDATA["Verify user is able to navigate into DS_Algo Array Page"]]>
              </value>
            </param>
            <param index="1">
              <value>
                <![CDATA["Testing the Array Page"]]>
              </value>
            </param>
          </params>
          <reporter-output>
          </reporter-output>
        </test-method> <!-- runScenario -->
        <test-method signature="runScenario(io.cucumber.testng.PickleWrapper,io.cucumber.testng.FeatureWrapper)[pri:0, instance:runner.TestNGRunner@585811a4]" started-at="2024-03-13T20:03:08 EDT" name="runScenario" description="Runs Cucumber Scenarios" data-provider="scenarios" finished-at="2024-03-13T20:03:23 EDT" duration-ms="14642" status="PASS">
          <params>
            <param index="0">
              <value>
                <![CDATA["The user tries to Register"]]>
              </value>
            </param>
            <param index="1">
              <value>
                <![CDATA["Registration process of the user"]]>
              </value>
            </param>
          </params>
          <reporter-output>
          </reporter-output>
        </test-method> <!-- runScenario -->
        <test-method signature="runScenario(io.cucumber.testng.PickleWrapper,io.cucumber.testng.FeatureWrapper)[pri:0, instance:runner.TestNGRunner@585811a4]" started-at="2024-03-13T20:03:23 EDT" name="runScenario" description="Runs Cucumber Scenarios" data-provider="scenarios" finished-at="2024-03-13T20:03:46 EDT" duration-ms="23459" status="PASS">
          <params>
            <param index="0">
              <value>
                <![CDATA["Verify the Arrays using List menu navigates to Arrays Using List page"]]>
              </value>
            </param>
            <param index="1">
              <value>
                <![CDATA["Testing the Array Page"]]>
              </value>
            </param>
          </params>
          <reporter-output>
          </reporter-output>
        </test-method> <!-- runScenario -->
        <test-method signature="runScenario(io.cucumber.testng.PickleWrapper,io.cucumber.testng.FeatureWrapper)[pri:0, instance:runner.TestNGRunner@585811a4]" started-at="2024-03-13T20:03:23 EDT" name="runScenario" description="Runs Cucumber Scenarios" data-provider="scenarios" finished-at="2024-03-13T20:03:38 EDT" duration-ms="15202" status="PASS">
          <params>
            <param index="0">
              <value>
                <![CDATA["Verify the Basic Operations in Lists menu navigates to Basic Operations in Lists page"]]>
              </value>
            </param>
            <param index="1">
              <value>
                <![CDATA["Testing the Array Page"]]>
              </value>
            </param>
          </params>
          <reporter-output>
          </reporter-output>
        </test-method> <!-- runScenario -->
        <test-method signature="runScenario(io.cucumber.testng.PickleWrapper,io.cucumber.testng.FeatureWrapper)[pri:0, instance:runner.TestNGRunner@585811a4]" started-at="2024-03-13T20:03:23 EDT" name="runScenario" description="Runs Cucumber Scenarios" data-provider="scenarios" finished-at="2024-03-13T20:03:38 EDT" duration-ms="15329" status="PASS">
          <params>
            <param index="0">
              <value>
                <![CDATA["Verify the Applications of Array navigates to Applications of Array page"]]>
              </value>
            </param>
            <param index="1">
              <value>
                <![CDATA["Testing the Array Page"]]>
              </value>
            </param>
          </params>
          <reporter-output>
          </reporter-output>
        </test-method> <!-- runScenario -->
        <test-method signature="runScenario(io.cucumber.testng.PickleWrapper,io.cucumber.testng.FeatureWrapper)[pri:0, instance:runner.TestNGRunner@585811a4]" started-at="2024-03-13T20:03:23 EDT" name="runScenario" description="Runs Cucumber Scenarios" data-provider="scenarios" finished-at="2024-03-13T20:03:34 EDT" duration-ms="11451" status="PASS">
          <params>
            <param index="0">
              <value>
                <![CDATA["Verify the Try here button is redirecting the user to the python editor."]]>
              </value>
            </param>
            <param index="1">
              <value>
                <![CDATA["Testing the Array Page"]]>
              </value>
            </param>
          </params>
          <reporter-output>
          </reporter-output>
        </test-method> <!-- runScenario -->
        <test-method signature="runScenario(io.cucumber.testng.PickleWrapper,io.cucumber.testng.FeatureWrapper)[pri:0, instance:runner.TestNGRunner@585811a4]" started-at="2024-03-13T20:03:23 EDT" name="runScenario" description="Runs Cucumber Scenarios" data-provider="scenarios" finished-at="2024-03-13T20:03:46 EDT" duration-ms="22785" status="PASS">
          <params>
            <param index="0">
              <value>
                <![CDATA["Verify the Python Editor is throwing error when an invalid code is given, compiles the program and produces a alert window"]]>
              </value>
            </param>
            <param index="1">
              <value>
                <![CDATA["Testing the Array Page"]]>
              </value>
            </param>
          </params>
          <reporter-output>
          </reporter-output>
        </test-method> <!-- runScenario -->
        <test-method signature="runScenario(io.cucumber.testng.PickleWrapper,io.cucumber.testng.FeatureWrapper)[pri:0, instance:runner.TestNGRunner@585811a4]" started-at="2024-03-13T20:03:23 EDT" name="runScenario" description="Runs Cucumber Scenarios" data-provider="scenarios" finished-at="2024-03-13T20:03:38 EDT" duration-ms="15037" status="PASS">
          <params>
            <param index="0">
              <value>
                <![CDATA["Verify the Python Editor when an valid code is given"]]>
              </value>
            </param>
            <param index="1">
              <value>
                <![CDATA["Testing the Array Page"]]>
              </value>
            </param>
          </params>
          <reporter-output>
          </reporter-output>
        </test-method> <!-- runScenario -->
        <test-method signature="runScenario(io.cucumber.testng.PickleWrapper,io.cucumber.testng.FeatureWrapper)[pri:0, instance:runner.TestNGRunner@585811a4]" started-at="2024-03-13T20:03:23 EDT" name="runScenario" description="Runs Cucumber Scenarios" data-provider="scenarios" finished-at="2024-03-13T20:03:35 EDT" duration-ms="11667" status="PASS">
          <params>
            <param index="0">
              <value>
                <![CDATA["Verify the practice questions page has all the 4 links mentioned."]]>
              </value>
            </param>
            <param index="1">
              <value>
                <![CDATA["Testing the Array Page"]]>
              </value>
            </param>
          </params>
          <reporter-output>
          </reporter-output>
        </test-method> <!-- runScenario -->
        <test-method signature="runScenario(io.cucumber.testng.PickleWrapper,io.cucumber.testng.FeatureWrapper)[pri:0, instance:runner.TestNGRunner@585811a4]" started-at="2024-03-13T20:03:24 EDT" name="runScenario" description="Runs Cucumber Scenarios" data-provider="scenarios" finished-at="2024-03-13T20:03:38 EDT" duration-ms="14027" status="PASS">
          <params>
            <param index="0">
              <value>
                <![CDATA["Verify Practice Question 1 page has the question, code editor, run and submit buttons"]]>
              </value>
            </param>
            <param index="1">
              <value>
                <![CDATA["Testing the Array Page"]]>
              </value>
            </param>
          </params>
          <reporter-output>
          </reporter-output>
        </test-method> <!-- runScenario -->
        <test-method signature="runScenario(io.cucumber.testng.PickleWrapper,io.cucumber.testng.FeatureWrapper)[pri:0, instance:runner.TestNGRunner@585811a4]" started-at="2024-03-13T20:03:30 EDT" name="runScenario" description="Runs Cucumber Scenarios" data-provider="scenarios" finished-at="2024-03-13T20:03:58 EDT" duration-ms="28418" status="PASS">
          <params>
            <param index="0">
              <value>
                <![CDATA["Verify Practice Question 2 page has the question, code editor, run and submit buttons"]]>
              </value>
            </param>
            <param index="1">
              <value>
                <![CDATA["Testing the Array Page"]]>
              </value>
            </param>
          </params>
          <reporter-output>
          </reporter-output>
        </test-method> <!-- runScenario -->
        <test-method signature="runScenario(io.cucumber.testng.PickleWrapper,io.cucumber.testng.FeatureWrapper)[pri:0, instance:runner.TestNGRunner@585811a4]" started-at="2024-03-13T20:03:34 EDT" name="runScenario" description="Runs Cucumber Scenarios" data-provider="scenarios" finished-at="2024-03-13T20:04:01 EDT" duration-ms="26274" status="PASS">
          <params>
            <param index="0">
              <value>
                <![CDATA["Verify Practice Question 3 page has the question, code editor, run and submit buttons"]]>
              </value>
            </param>
            <param index="1">
              <value>
                <![CDATA["Testing the Array Page"]]>
              </value>
            </param>
          </params>
          <reporter-output>
          </reporter-output>
        </test-method> <!-- runScenario -->
        <test-method signature="runScenario(io.cucumber.testng.PickleWrapper,io.cucumber.testng.FeatureWrapper)[pri:0, instance:runner.TestNGRunner@585811a4]" started-at="2024-03-13T20:03:35 EDT" name="runScenario" description="Runs Cucumber Scenarios" data-provider="scenarios" finished-at="2024-03-13T20:03:50 EDT" duration-ms="14503" status="PASS">
          <params>
            <param index="0">
              <value>
                <![CDATA["Verify Practice Question 4 page has the question, code editor, run and submit buttons"]]>
              </value>
            </param>
            <param index="1">
              <value>
                <![CDATA["Testing the Array Page"]]>
              </value>
            </param>
          </params>
          <reporter-output>
          </reporter-output>
        </test-method> <!-- runScenario -->
        <test-method signature="runScenario(io.cucumber.testng.PickleWrapper,io.cucumber.testng.FeatureWrapper)[pri:0, instance:runner.TestNGRunner@585811a4]" started-at="2024-03-13T20:03:38 EDT" name="runScenario" description="Runs Cucumber Scenarios" data-provider="scenarios" finished-at="2024-03-13T20:03:53 EDT" duration-ms="14637" status="PASS">
          <params>
            <param index="0">
              <value>
                <![CDATA["verify submitting the practice question with no code in search the array link"]]>
              </value>
            </param>
            <param index="1">
              <value>
                <![CDATA["Testing the Array Page"]]>
              </value>
            </param>
          </params>
          <reporter-output>
          </reporter-output>
        </test-method> <!-- runScenario -->
        <test-method signature="runScenario(io.cucumber.testng.PickleWrapper,io.cucumber.testng.FeatureWrapper)[pri:0, instance:runner.TestNGRunner@585811a4]" started-at="2024-03-13T20:03:38 EDT" name="runScenario" description="Runs Cucumber Scenarios" data-provider="scenarios" finished-at="2024-03-13T20:04:10 EDT" duration-ms="32084" status="PASS">
          <params>
            <param index="0">
              <value>
                <![CDATA["verify submitting the practice question with no code in max consecutive ones"]]>
              </value>
            </param>
            <param index="1">
              <value>
                <![CDATA["Testing the Array Page"]]>
              </value>
            </param>
          </params>
          <reporter-output>
          </reporter-output>
        </test-method> <!-- runScenario -->
        <test-method signature="runScenario(io.cucumber.testng.PickleWrapper,io.cucumber.testng.FeatureWrapper)[pri:0, instance:runner.TestNGRunner@585811a4]" started-at="2024-03-13T20:03:38 EDT" name="runScenario" description="Runs Cucumber Scenarios" data-provider="scenarios" finished-at="2024-03-13T20:03:52 EDT" duration-ms="14014" status="PASS">
          <params>
            <param index="0">
              <value>
                <![CDATA["verify running the practice question with no code in find numbers with even number of digits"]]>
              </value>
            </param>
            <param index="1">
              <value>
                <![CDATA["Testing the Array Page"]]>
              </value>
            </param>
          </params>
          <reporter-output>
          </reporter-output>
        </test-method> <!-- runScenario -->
        <test-method signature="runScenario(io.cucumber.testng.PickleWrapper,io.cucumber.testng.FeatureWrapper)[pri:0, instance:runner.TestNGRunner@585811a4]" started-at="2024-03-13T20:03:38 EDT" name="runScenario" description="Runs Cucumber Scenarios" data-provider="scenarios" finished-at="2024-03-13T20:04:13 EDT" duration-ms="34950" status="PASS">
          <params>
            <param index="0">
              <value>
                <![CDATA["verify submitting the practice question with no code in squares of a sorted array"]]>
              </value>
            </param>
            <param index="1">
              <value>
                <![CDATA["Testing the Array Page"]]>
              </value>
            </param>
          </params>
          <reporter-output>
          </reporter-output>
        </test-method> <!-- runScenario -->
        <test-method signature="runScenario(io.cucumber.testng.PickleWrapper,io.cucumber.testng.FeatureWrapper)[pri:0, instance:runner.TestNGRunner@585811a4]" started-at="2024-03-13T20:03:38 EDT" name="runScenario" description="Runs Cucumber Scenarios" data-provider="scenarios" finished-at="2024-03-13T20:03:59 EDT" duration-ms="20063" status="PASS">
          <params>
            <param index="0">
              <value>
                <![CDATA["verify submitting the practice question with valid code in search the array link"]]>
              </value>
            </param>
            <param index="1">
              <value>
                <![CDATA["Testing the Array Page"]]>
              </value>
            </param>
          </params>
          <reporter-output>
          </reporter-output>
        </test-method> <!-- runScenario -->
        <test-method signature="runScenario(io.cucumber.testng.PickleWrapper,io.cucumber.testng.FeatureWrapper)[pri:0, instance:runner.TestNGRunner@585811a4]" started-at="2024-03-13T20:03:46 EDT" name="runScenario" description="Runs Cucumber Scenarios" data-provider="scenarios" finished-at="2024-03-13T20:03:58 EDT" duration-ms="12165" status="PASS">
          <params>
            <param index="0">
              <value>
                <![CDATA["Clicking the get started in Queue"]]>
              </value>
            </param>
            <param index="1">
              <value>
                <![CDATA["Data Structure Home page"]]>
              </value>
            </param>
          </params>
          <reporter-output>
          </reporter-output>
        </test-method> <!-- runScenario -->
        <test-method signature="runScenario(io.cucumber.testng.PickleWrapper,io.cucumber.testng.FeatureWrapper)[pri:0, instance:runner.TestNGRunner@585811a4]" started-at="2024-03-13T20:03:46 EDT" name="runScenario" description="Runs Cucumber Scenarios" data-provider="scenarios" finished-at="2024-03-13T20:04:16 EDT" duration-ms="29583" status="PASS">
          <params>
            <param index="0">
              <value>
                <![CDATA["Gettin started in Queue with other topic"]]>
              </value>
            </param>
            <param index="1">
              <value>
                <![CDATA["Data Structure Home page"]]>
              </value>
            </param>
          </params>
          <reporter-output>
          </reporter-output>
        </test-method> <!-- runScenario -->
        <test-method signature="runScenario(io.cucumber.testng.PickleWrapper,io.cucumber.testng.FeatureWrapper)[pri:0, instance:runner.TestNGRunner@585811a4]" started-at="2024-03-13T20:03:50 EDT" name="runScenario" description="Runs Cucumber Scenarios" data-provider="scenarios" finished-at="2024-03-13T20:04:21 EDT" duration-ms="31286" status="PASS">
          <params>
            <param index="0">
              <value>
                <![CDATA["Queue invalid passing code"]]>
              </value>
            </param>
            <param index="1">
              <value>
                <![CDATA["Data Structure Home page"]]>
              </value>
            </param>
          </params>
          <reporter-output>
          </reporter-output>
        </test-method> <!-- runScenario -->
        <test-method signature="runScenario(io.cucumber.testng.PickleWrapper,io.cucumber.testng.FeatureWrapper)[pri:0, instance:runner.TestNGRunner@585811a4]" started-at="2024-03-13T20:03:52 EDT" name="runScenario" description="Runs Cucumber Scenarios" data-provider="scenarios" finished-at="2024-03-13T20:04:08 EDT" duration-ms="15590" status="PASS">
          <params>
            <param index="0">
              <value>
                <![CDATA["Getting started in Queue"]]>
              </value>
            </param>
            <param index="1">
              <value>
                <![CDATA["Data Structure Home page"]]>
              </value>
            </param>
          </params>
          <reporter-output>
          </reporter-output>
        </test-method> <!-- runScenario -->
        <test-method signature="runScenario(io.cucumber.testng.PickleWrapper,io.cucumber.testng.FeatureWrapper)[pri:0, instance:runner.TestNGRunner@585811a4]" started-at="2024-03-13T20:03:53 EDT" name="runScenario" description="Runs Cucumber Scenarios" data-provider="scenarios" finished-at="2024-03-13T20:04:09 EDT" duration-ms="16107" status="PASS">
          <params>
            <param index="0">
              <value>
                <![CDATA["Getting started in Queue with another topic"]]>
              </value>
            </param>
            <param index="1">
              <value>
                <![CDATA["Data Structure Home page"]]>
              </value>
            </param>
          </params>
          <reporter-output>
          </reporter-output>
        </test-method> <!-- runScenario -->
        <test-method signature="runScenario(io.cucumber.testng.PickleWrapper,io.cucumber.testng.FeatureWrapper)[pri:0, instance:runner.TestNGRunner@585811a4]" started-at="2024-03-13T20:03:58 EDT" name="runScenario" description="Runs Cucumber Scenarios" data-provider="scenarios" finished-at="2024-03-13T20:04:29 EDT" duration-ms="30784" status="PASS">
          <params>
            <param index="0">
              <value>
                <![CDATA["Practice Question Paper"]]>
              </value>
            </param>
            <param index="1">
              <value>
                <![CDATA["Data Structure Home page"]]>
              </value>
            </param>
          </params>
          <reporter-output>
          </reporter-output>
        </test-method> <!-- runScenario -->
        <test-method signature="runScenario(io.cucumber.testng.PickleWrapper,io.cucumber.testng.FeatureWrapper)[pri:0, instance:runner.TestNGRunner@585811a4]" started-at="2024-03-13T20:03:58 EDT" name="runScenario" description="Runs Cucumber Scenarios" data-provider="scenarios" finished-at="2024-03-13T20:04:09 EDT" duration-ms="10534" status="PASS">
          <params>
            <param index="0">
              <value>
                <![CDATA["Home Page"]]>
              </value>
            </param>
            <param index="1">
              <value>
                <![CDATA["Data Structure Home page - DS_Introduction"]]>
              </value>
            </param>
          </params>
          <reporter-output>
          </reporter-output>
        </test-method> <!-- runScenario -->
        <test-method signature="runScenario(io.cucumber.testng.PickleWrapper,io.cucumber.testng.FeatureWrapper)[pri:0, instance:runner.TestNGRunner@585811a4]" started-at="2024-03-13T20:03:59 EDT" name="runScenario" description="Runs Cucumber Scenarios" data-provider="scenarios" finished-at="2024-03-13T20:04:29 EDT" duration-ms="30237" status="PASS">
          <params>
            <param index="0">
              <value>
                <![CDATA["Home Page"]]>
              </value>
            </param>
            <param index="1">
              <value>
                <![CDATA["Data Structure Home page - DS_Introduction"]]>
              </value>
            </param>
          </params>
          <reporter-output>
          </reporter-output>
        </test-method> <!-- runScenario -->
        <test-method signature="runScenario(io.cucumber.testng.PickleWrapper,io.cucumber.testng.FeatureWrapper)[pri:0, instance:runner.TestNGRunner@585811a4]" started-at="2024-03-13T20:04:01 EDT" name="runScenario" description="Runs Cucumber Scenarios" data-provider="scenarios" finished-at="2024-03-13T20:04:09 EDT" duration-ms="8299" status="PASS">
          <params>
            <param index="0">
              <value>
                <![CDATA["Python editor"]]>
              </value>
            </param>
            <param index="1">
              <value>
                <![CDATA["Data Structure Home page - DS_Introduction"]]>
              </value>
            </param>
          </params>
          <reporter-output>
          </reporter-output>
        </test-method> <!-- runScenario -->
        <test-method signature="runScenario(io.cucumber.testng.PickleWrapper,io.cucumber.testng.FeatureWrapper)[pri:0, instance:runner.TestNGRunner@585811a4]" started-at="2024-03-13T20:04:08 EDT" name="runScenario" description="Runs Cucumber Scenarios" data-provider="scenarios" finished-at="2024-03-13T20:04:36 EDT" duration-ms="27993" status="PASS">
          <params>
            <param index="0">
              <value>
                <![CDATA["To check Linked List page functionality"]]>
              </value>
            </param>
            <param index="1">
              <value>
                <![CDATA["Getting Started to Signin DS_Algo Portal"]]>
              </value>
            </param>
          </params>
          <reporter-output>
          </reporter-output>
        </test-method> <!-- runScenario -->
        <test-method signature="runScenario(io.cucumber.testng.PickleWrapper,io.cucumber.testng.FeatureWrapper)[pri:0, instance:runner.TestNGRunner@585811a4]" started-at="2024-03-13T20:04:09 EDT" name="runScenario" description="Runs Cucumber Scenarios" data-provider="scenarios" finished-at="2024-03-13T20:04:35 EDT" duration-ms="26459" status="PASS">
          <params>
            <param index="0">
              <value>
                <![CDATA["To check Linked List page functionality"]]>
              </value>
            </param>
            <param index="1">
              <value>
                <![CDATA["Getting Started to Signin DS_Algo Portal"]]>
              </value>
            </param>
          </params>
          <reporter-output>
          </reporter-output>
        </test-method> <!-- runScenario -->
        <test-method signature="runScenario(io.cucumber.testng.PickleWrapper,io.cucumber.testng.FeatureWrapper)[pri:0, instance:runner.TestNGRunner@585811a4]" started-at="2024-03-13T20:04:09 EDT" name="runScenario" description="Runs Cucumber Scenarios" data-provider="scenarios" finished-at="2024-03-13T20:04:35 EDT" duration-ms="26307" status="PASS">
          <params>
            <param index="0">
              <value>
                <![CDATA["check Linked List page functionality"]]>
              </value>
            </param>
            <param index="1">
              <value>
                <![CDATA["Getting Started to Signin DS_Algo Portal"]]>
              </value>
            </param>
          </params>
          <reporter-output>
          </reporter-output>
        </test-method> <!-- runScenario -->
        <test-method signature="runScenario(io.cucumber.testng.PickleWrapper,io.cucumber.testng.FeatureWrapper)[pri:0, instance:runner.TestNGRunner@585811a4]" started-at="2024-03-13T20:04:09 EDT" name="runScenario" description="Runs Cucumber Scenarios" data-provider="scenarios" finished-at="2024-03-13T20:04:36 EDT" duration-ms="26925" status="PASS">
          <params>
            <param index="0">
              <value>
                <![CDATA["To check Linked List page functionality"]]>
              </value>
            </param>
            <param index="1">
              <value>
                <![CDATA["Getting Started to Signin DS_Algo Portal"]]>
              </value>
            </param>
          </params>
          <reporter-output>
          </reporter-output>
        </test-method> <!-- runScenario -->
        <test-method signature="runScenario(io.cucumber.testng.PickleWrapper,io.cucumber.testng.FeatureWrapper)[pri:0, instance:runner.TestNGRunner@585811a4]" started-at="2024-03-13T20:04:10 EDT" name="runScenario" description="Runs Cucumber Scenarios" data-provider="scenarios" finished-at="2024-03-13T20:04:35 EDT" duration-ms="24951" status="PASS">
          <params>
            <param index="0">
              <value>
                <![CDATA["To check Linked List page functionality"]]>
              </value>
            </param>
            <param index="1">
              <value>
                <![CDATA["Getting Started to Signin DS_Algo Portal"]]>
              </value>
            </param>
          </params>
          <reporter-output>
          </reporter-output>
        </test-method> <!-- runScenario -->
        <test-method signature="runScenario(io.cucumber.testng.PickleWrapper,io.cucumber.testng.FeatureWrapper)[pri:0, instance:runner.TestNGRunner@585811a4]" started-at="2024-03-13T20:04:13 EDT" name="runScenario" description="Runs Cucumber Scenarios" data-provider="scenarios" finished-at="2024-03-13T20:04:36 EDT" duration-ms="22653" status="PASS">
          <params>
            <param index="0">
              <value>
                <![CDATA["To check Linked List page functionality"]]>
              </value>
            </param>
            <param index="1">
              <value>
                <![CDATA["Getting Started to Signin DS_Algo Portal"]]>
              </value>
            </param>
          </params>
          <reporter-output>
          </reporter-output>
        </test-method> <!-- runScenario -->
        <test-method signature="runScenario(io.cucumber.testng.PickleWrapper,io.cucumber.testng.FeatureWrapper)[pri:0, instance:runner.TestNGRunner@585811a4]" started-at="2024-03-13T20:04:16 EDT" name="runScenario" description="Runs Cucumber Scenarios" data-provider="scenarios" finished-at="2024-03-13T20:04:35 EDT" duration-ms="19353" status="PASS">
          <params>
            <param index="0">
              <value>
                <![CDATA["To check Linked List page functionality"]]>
              </value>
            </param>
            <param index="1">
              <value>
                <![CDATA["Getting Started to Signin DS_Algo Portal"]]>
              </value>
            </param>
          </params>
          <reporter-output>
          </reporter-output>
        </test-method> <!-- runScenario -->
        <test-method signature="runScenario(io.cucumber.testng.PickleWrapper,io.cucumber.testng.FeatureWrapper)[pri:0, instance:runner.TestNGRunner@585811a4]" started-at="2024-03-13T20:04:21 EDT" name="runScenario" description="Runs Cucumber Scenarios" data-provider="scenarios" finished-at="2024-03-13T20:04:53 EDT" duration-ms="32472" status="PASS">
          <params>
            <param index="0">
              <value>
                <![CDATA["check Linked List page functionality"]]>
              </value>
            </param>
            <param index="1">
              <value>
                <![CDATA["Getting Started to Signin DS_Algo Portal"]]>
              </value>
            </param>
          </params>
          <reporter-output>
          </reporter-output>
        </test-method> <!-- runScenario -->
        <test-method signature="runScenario(io.cucumber.testng.PickleWrapper,io.cucumber.testng.FeatureWrapper)[pri:0, instance:runner.TestNGRunner@585811a4]" started-at="2024-03-13T20:04:29 EDT" name="runScenario" description="Runs Cucumber Scenarios" data-provider="scenarios" finished-at="2024-03-13T20:04:35 EDT" duration-ms="6483" status="PASS">
          <params>
            <param index="0">
              <value>
                <![CDATA["check Linked List page functionality"]]>
              </value>
            </param>
            <param index="1">
              <value>
                <![CDATA["Getting Started to Signin DS_Algo Portal"]]>
              </value>
            </param>
          </params>
          <reporter-output>
          </reporter-output>
        </test-method> <!-- runScenario -->
        <test-method signature="runScenario(io.cucumber.testng.PickleWrapper,io.cucumber.testng.FeatureWrapper)[pri:0, instance:runner.TestNGRunner@585811a4]" started-at="2024-03-13T20:04:29 EDT" name="runScenario" description="Runs Cucumber Scenarios" data-provider="scenarios" finished-at="2024-03-13T20:04:39 EDT" duration-ms="10538" status="PASS">
          <params>
            <param index="0">
              <value>
                <![CDATA["To check Stack page functionality-operations in stack"]]>
              </value>
            </param>
            <param index="1">
              <value>
                <![CDATA["Stack page functionality"]]>
              </value>
            </param>
          </params>
          <reporter-output>
          </reporter-output>
        </test-method> <!-- runScenario -->
        <test-method signature="runScenario(io.cucumber.testng.PickleWrapper,io.cucumber.testng.FeatureWrapper)[pri:0, instance:runner.TestNGRunner@585811a4]" started-at="2024-03-13T20:04:35 EDT" name="runScenario" description="Runs Cucumber Scenarios" data-provider="scenarios" finished-at="2024-03-13T20:04:55 EDT" duration-ms="19479" status="PASS">
          <params>
            <param index="0">
              <value>
                <![CDATA["To check Stack page functionality-Implementation"]]>
              </value>
            </param>
            <param index="1">
              <value>
                <![CDATA["Stack page functionality"]]>
              </value>
            </param>
          </params>
          <reporter-output>
          </reporter-output>
        </test-method> <!-- runScenario -->
        <test-method signature="runScenario(io.cucumber.testng.PickleWrapper,io.cucumber.testng.FeatureWrapper)[pri:0, instance:runner.TestNGRunner@585811a4]" started-at="2024-03-13T20:04:35 EDT" name="runScenario" description="Runs Cucumber Scenarios" data-provider="scenarios" finished-at="2024-03-13T20:05:15 EDT" duration-ms="40088" status="PASS">
          <params>
            <param index="0">
              <value>
                <![CDATA["To check Stack page functionality-Application Practice"]]>
              </value>
            </param>
            <param index="1">
              <value>
                <![CDATA["Stack page functionality"]]>
              </value>
            </param>
          </params>
          <reporter-output>
          </reporter-output>
        </test-method> <!-- runScenario -->
        <test-method signature="runScenario(io.cucumber.testng.PickleWrapper,io.cucumber.testng.FeatureWrapper)[pri:0, instance:runner.TestNGRunner@585811a4]" started-at="2024-03-13T20:04:35 EDT" name="runScenario" description="Runs Cucumber Scenarios" data-provider="scenarios" finished-at="2024-03-13T20:05:03 EDT" duration-ms="27969" status="PASS">
          <params>
            <param index="0">
              <value>
                <![CDATA["getting started to graph page"]]>
              </value>
            </param>
            <param index="1">
              <value>
                <![CDATA["To test graph page"]]>
              </value>
            </param>
          </params>
          <reporter-output>
          </reporter-output>
        </test-method> <!-- runScenario -->
        <test-method signature="runScenario(io.cucumber.testng.PickleWrapper,io.cucumber.testng.FeatureWrapper)[pri:0, instance:runner.TestNGRunner@585811a4]" started-at="2024-03-13T20:04:35 EDT" name="runScenario" description="Runs Cucumber Scenarios" data-provider="scenarios" finished-at="2024-03-13T20:05:05 EDT" duration-ms="29649" status="PASS">
          <params>
            <param index="0">
              <value>
                <![CDATA["inspecting another topic in queue"]]>
              </value>
            </param>
            <param index="1">
              <value>
                <![CDATA["To test graph page"]]>
              </value>
            </param>
          </params>
          <reporter-output>
          </reporter-output>
        </test-method> <!-- runScenario -->
        <test-method signature="runScenario(io.cucumber.testng.PickleWrapper,io.cucumber.testng.FeatureWrapper)[pri:0, instance:runner.TestNGRunner@585811a4]" started-at="2024-03-13T20:04:35 EDT" name="runScenario" description="Runs Cucumber Scenarios" data-provider="scenarios" finished-at="2024-03-13T20:04:53 EDT" duration-ms="17550" status="PASS">
          <params>
            <param index="0">
              <value>
                <![CDATA["practice Questions"]]>
              </value>
            </param>
            <param index="1">
              <value>
                <![CDATA["To test graph page"]]>
              </value>
            </param>
          </params>
          <reporter-output>
          </reporter-output>
        </test-method> <!-- runScenario -->
        <test-method signature="runScenario(io.cucumber.testng.PickleWrapper,io.cucumber.testng.FeatureWrapper)[pri:0, instance:runner.TestNGRunner@585811a4]" started-at="2024-03-13T20:04:36 EDT" name="runScenario" description="Runs Cucumber Scenarios" data-provider="scenarios" finished-at="2024-03-13T20:05:13 EDT" duration-ms="37423" status="PASS">
          <params>
            <param index="0">
              <value>
                <![CDATA["To check Tree page functionality-overview of tree"]]>
              </value>
            </param>
            <param index="1">
              <value>
                <![CDATA["To test the functionality of tree structure"]]>
              </value>
            </param>
          </params>
          <reporter-output>
          </reporter-output>
        </test-method> <!-- runScenario -->
        <test-method signature="runScenario(io.cucumber.testng.PickleWrapper,io.cucumber.testng.FeatureWrapper)[pri:0, instance:runner.TestNGRunner@585811a4]" started-at="2024-03-13T20:04:36 EDT" name="runScenario" description="Runs Cucumber Scenarios" data-provider="scenarios" finished-at="2024-03-13T20:05:05 EDT" duration-ms="29088" status="PASS">
          <params>
            <param index="0">
              <value>
                <![CDATA["To check Tree page functionality-Terminologies"]]>
              </value>
            </param>
            <param index="1">
              <value>
                <![CDATA["To test the functionality of tree structure"]]>
              </value>
            </param>
          </params>
          <reporter-output>
          </reporter-output>
        </test-method> <!-- runScenario -->
        <test-method signature="runScenario(io.cucumber.testng.PickleWrapper,io.cucumber.testng.FeatureWrapper)[pri:0, instance:runner.TestNGRunner@585811a4]" started-at="2024-03-13T20:04:36 EDT" name="runScenario" description="Runs Cucumber Scenarios" data-provider="scenarios" finished-at="2024-03-13T20:04:56 EDT" duration-ms="19926" status="PASS">
          <params>
            <param index="0">
              <value>
                <![CDATA["To check Tree page functionality-Types of trees"]]>
              </value>
            </param>
            <param index="1">
              <value>
                <![CDATA["To test the functionality of tree structure"]]>
              </value>
            </param>
          </params>
          <reporter-output>
          </reporter-output>
        </test-method> <!-- runScenario -->
        <test-method signature="runScenario(io.cucumber.testng.PickleWrapper,io.cucumber.testng.FeatureWrapper)[pri:0, instance:runner.TestNGRunner@585811a4]" started-at="2024-03-13T20:04:39 EDT" name="runScenario" description="Runs Cucumber Scenarios" data-provider="scenarios" finished-at="2024-03-13T20:04:56 EDT" duration-ms="16350" status="PASS">
          <params>
            <param index="0">
              <value>
                <![CDATA["To check Tree page functionality-Tree traversals"]]>
              </value>
            </param>
            <param index="1">
              <value>
                <![CDATA["To test the functionality of tree structure"]]>
              </value>
            </param>
          </params>
          <reporter-output>
          </reporter-output>
        </test-method> <!-- runScenario -->
        <test-method signature="runScenario(io.cucumber.testng.PickleWrapper,io.cucumber.testng.FeatureWrapper)[pri:0, instance:runner.TestNGRunner@585811a4]" started-at="2024-03-13T20:04:53 EDT" name="runScenario" description="Runs Cucumber Scenarios" data-provider="scenarios" finished-at="2024-03-13T20:05:16 EDT" duration-ms="23058" status="PASS">
          <params>
            <param index="0">
              <value>
                <![CDATA["To check Tree page functionality-Traversals-Illustration"]]>
              </value>
            </param>
            <param index="1">
              <value>
                <![CDATA["To test the functionality of tree structure"]]>
              </value>
            </param>
          </params>
          <reporter-output>
          </reporter-output>
        </test-method> <!-- runScenario -->
        <test-method signature="runScenario(io.cucumber.testng.PickleWrapper,io.cucumber.testng.FeatureWrapper)[pri:0, instance:runner.TestNGRunner@585811a4]" started-at="2024-03-13T20:04:53 EDT" name="runScenario" description="Runs Cucumber Scenarios" data-provider="scenarios" finished-at="2024-03-13T20:05:06 EDT" duration-ms="12911" status="PASS">
          <params>
            <param index="0">
              <value>
                <![CDATA["To check Tree page functionality-Binary Trees"]]>
              </value>
            </param>
            <param index="1">
              <value>
                <![CDATA["To test the functionality of tree structure"]]>
              </value>
            </param>
          </params>
          <reporter-output>
          </reporter-output>
        </test-method> <!-- runScenario -->
        <test-method signature="runScenario(io.cucumber.testng.PickleWrapper,io.cucumber.testng.FeatureWrapper)[pri:0, instance:runner.TestNGRunner@585811a4]" started-at="2024-03-13T20:04:55 EDT" name="runScenario" description="Runs Cucumber Scenarios" data-provider="scenarios" finished-at="2024-03-13T20:05:15 EDT" duration-ms="20679" status="PASS">
          <params>
            <param index="0">
              <value>
                <![CDATA["To check Tree page functionality-Types of Binary trees"]]>
              </value>
            </param>
            <param index="1">
              <value>
                <![CDATA["To test the functionality of tree structure"]]>
              </value>
            </param>
          </params>
          <reporter-output>
          </reporter-output>
        </test-method> <!-- runScenario -->
        <test-method signature="runScenario(io.cucumber.testng.PickleWrapper,io.cucumber.testng.FeatureWrapper)[pri:0, instance:runner.TestNGRunner@585811a4]" started-at="2024-03-13T20:04:56 EDT" name="runScenario" description="Runs Cucumber Scenarios" data-provider="scenarios" finished-at="2024-03-13T20:05:16 EDT" duration-ms="20249" status="PASS">
          <params>
            <param index="0">
              <value>
                <![CDATA["To check Tree page functionality-Implementation in python"]]>
              </value>
            </param>
            <param index="1">
              <value>
                <![CDATA["To test the functionality of tree structure"]]>
              </value>
            </param>
          </params>
          <reporter-output>
          </reporter-output>
        </test-method> <!-- runScenario -->
        <test-method signature="runScenario(io.cucumber.testng.PickleWrapper,io.cucumber.testng.FeatureWrapper)[pri:0, instance:runner.TestNGRunner@585811a4]" started-at="2024-03-13T20:04:56 EDT" name="runScenario" description="Runs Cucumber Scenarios" data-provider="scenarios" finished-at="2024-03-13T20:05:06 EDT" duration-ms="10023" status="PASS">
          <params>
            <param index="0">
              <value>
                <![CDATA["To check Tree page functionality-Binary tree traversals"]]>
              </value>
            </param>
            <param index="1">
              <value>
                <![CDATA["To test the functionality of tree structure"]]>
              </value>
            </param>
          </params>
          <reporter-output>
          </reporter-output>
        </test-method> <!-- runScenario -->
        <test-method signature="runScenario(io.cucumber.testng.PickleWrapper,io.cucumber.testng.FeatureWrapper)[pri:0, instance:runner.TestNGRunner@585811a4]" started-at="2024-03-13T20:05:03 EDT" name="runScenario" description="Runs Cucumber Scenarios" data-provider="scenarios" finished-at="2024-03-13T20:05:16 EDT" duration-ms="12400" status="PASS">
          <params>
            <param index="0">
              <value>
                <![CDATA["To check Tree page functionality-Implementation of Binary Trees"]]>
              </value>
            </param>
            <param index="1">
              <value>
                <![CDATA["To test the functionality of tree structure"]]>
              </value>
            </param>
          </params>
          <reporter-output>
          </reporter-output>
        </test-method> <!-- runScenario -->
        <test-method signature="runScenario(io.cucumber.testng.PickleWrapper,io.cucumber.testng.FeatureWrapper)[pri:0, instance:runner.TestNGRunner@585811a4]" started-at="2024-03-13T20:05:05 EDT" name="runScenario" description="Runs Cucumber Scenarios" data-provider="scenarios" finished-at="2024-03-13T20:05:16 EDT" duration-ms="10852" status="PASS">
          <params>
            <param index="0">
              <value>
                <![CDATA["To check Tree page functionality-Applications of Binary trees"]]>
              </value>
            </param>
            <param index="1">
              <value>
                <![CDATA["To test the functionality of tree structure"]]>
              </value>
            </param>
          </params>
          <reporter-output>
          </reporter-output>
        </test-method> <!-- runScenario -->
        <test-method signature="runScenario(io.cucumber.testng.PickleWrapper,io.cucumber.testng.FeatureWrapper)[pri:0, instance:runner.TestNGRunner@585811a4]" started-at="2024-03-13T20:05:05 EDT" name="runScenario" description="Runs Cucumber Scenarios" data-provider="scenarios" finished-at="2024-03-13T20:05:16 EDT" duration-ms="10722" status="PASS">
          <params>
            <param index="0">
              <value>
                <![CDATA["To check Tree page functionality-Binary search Trees"]]>
              </value>
            </param>
            <param index="1">
              <value>
                <![CDATA["To test the functionality of tree structure"]]>
              </value>
            </param>
          </params>
          <reporter-output>
          </reporter-output>
        </test-method> <!-- runScenario -->
        <test-method signature="runScenario(io.cucumber.testng.PickleWrapper,io.cucumber.testng.FeatureWrapper)[pri:0, instance:runner.TestNGRunner@585811a4]" started-at="2024-03-13T20:05:06 EDT" name="runScenario" description="Runs Cucumber Scenarios" data-provider="scenarios" finished-at="2024-03-13T20:05:16 EDT" duration-ms="9811" status="PASS">
          <params>
            <param index="0">
              <value>
                <![CDATA["To check Tree page functionality-Implementation of Bst"]]>
              </value>
            </param>
            <param index="1">
              <value>
                <![CDATA["To test the functionality of tree structure"]]>
              </value>
            </param>
          </params>
          <reporter-output>
          </reporter-output>
        </test-method> <!-- runScenario -->
        <test-method signature="runScenario(io.cucumber.testng.PickleWrapper,io.cucumber.testng.FeatureWrapper)[pri:0, instance:runner.TestNGRunner@585811a4]" started-at="2024-03-13T20:05:06 EDT" name="runScenario" description="Runs Cucumber Scenarios" data-provider="scenarios" finished-at="2024-03-13T20:05:15 EDT" duration-ms="9218" status="PASS">
          <params>
            <param index="0">
              <value>
                <![CDATA["Title of your scenario"]]>
              </value>
            </param>
            <param index="1">
              <value>
                <![CDATA["verify the signout button"]]>
              </value>
            </param>
          </params>
          <reporter-output>
          </reporter-output>
        </test-method> <!-- runScenario -->
        <test-method is-config="true" signature="tearDownClass()[pri:0, instance:runner.TestNGRunner@585811a4]" started-at="2024-03-13T20:05:16 EDT" name="tearDownClass" finished-at="2024-03-13T20:05:16 EDT" duration-ms="533" status="PASS">
          <reporter-output>
          </reporter-output>
        </test-method> <!-- tearDownClass -->
      </class> <!-- runner.TestNGRunner -->
    </test> <!-- Default test -->
  </suite> <!-- Default suite -->
</testng-results>
